Hmm ... looks like a package

This is pdfTeX, Version 3.1415926-2.5-1.40.14 (TeX Live 2013)
 restricted \write18 enabled.
entering extended mode
LaTeX2e <2011/06/27>
Babel <v3.8m> and hyphenation patterns for english, dumylang, nohyphenation, lo
aded.
(./Rd2.tex
(/usr/share/texlive/texmf-dist/tex/latex/base/book.cls
Document Class: book 2007/10/19 v1.4h Standard LaTeX document class
(/usr/share/texlive/texmf-dist/tex/latex/base/bk10.clo))
(/opt/R/3.5.1/lib64/R/share/texmf/tex/latex/Rd.sty
(/usr/share/texlive/texmf-dist/tex/latex/base/ifthen.sty)
(/usr/share/texlive/texmf-dist/tex/latex/tools/longtable.sty)
(/usr/share/texlive/texmf-dist/tex/latex/tools/bm.sty)
(/usr/share/texlive/texmf-dist/tex/latex/base/alltt.sty)
(/usr/share/texlive/texmf-dist/tex/latex/tools/verbatim.sty)
(/usr/share/texlive/texmf-dist/tex/latex/url/url.sty)
(/usr/share/texlive/texmf-dist/tex/latex/base/textcomp.sty
(/usr/share/texlive/texmf-dist/tex/latex/base/ts1enc.def))
(/usr/share/texlive/texmf-dist/tex/latex/base/fontenc.sty
(/usr/share/texlive/texmf-dist/tex/latex/base/t1enc.def))
(/usr/share/texlive/texmf-dist/tex/latex/psnfss/times.sty)
(/usr/share/texlive/texmf-dist/tex/latex/graphics/color.sty
(/usr/share/texlive/texmf-dist/tex/latex/latexconfig/color.cfg)
(/usr/share/texlive/texmf-dist/tex/latex/pdftex-def/pdftex.def
(/usr/share/texlive/texmf-dist/tex/generic/oberdiek/infwarerr.sty)
(/usr/share/texlive/texmf-dist/tex/generic/oberdiek/ltxcmds.sty)))
(/usr/share/texlive/texmf-dist/tex/latex/hyperref/hyperref.sty
(/usr/share/texlive/texmf-dist/tex/generic/oberdiek/hobsub-hyperref.sty
(/usr/share/texlive/texmf-dist/tex/generic/oberdiek/hobsub-generic.sty))
(/usr/share/texlive/texmf-dist/tex/latex/graphics/keyval.sty)
(/usr/share/texlive/texmf-dist/tex/generic/ifxetex/ifxetex.sty)
(/usr/share/texlive/texmf-dist/tex/latex/oberdiek/auxhook.sty)
(/usr/share/texlive/texmf-dist/tex/latex/oberdiek/kvoptions.sty)
(/usr/share/texlive/texmf-dist/tex/latex/hyperref/pd1enc.def)
(/usr/share/texlive/texmf-dist/tex/latex/latexconfig/hyperref.cfg))

Package hyperref Message: Driver (autodetected): hpdftex.

(/usr/share/texlive/texmf-dist/tex/latex/hyperref/hpdftex.def
(/usr/share/texlive/texmf-dist/tex/latex/oberdiek/rerunfilecheck.sty))

Package hyperref Warning: Option `hyperindex' has already been used,
(hyperref)                setting the option has no effect on input line 366.


Package hyperref Warning: Option `pagebackref' has already been used,
(hyperref)                setting the option has no effect on input line 366.

) (/usr/share/texlive/texmf-dist/tex/latex/base/makeidx.sty)
(/usr/share/texlive/texmf-dist/tex/latex/base/inputenc.sty
(/usr/share/texlive/texmf-dist/tex/latex/base/utf8.def
(/usr/share/texlive/texmf-dist/tex/latex/base/t1enc.dfu)
(/usr/share/texlive/texmf-dist/tex/latex/base/ot1enc.dfu)
(/usr/share/texlive/texmf-dist/tex/latex/base/omsenc.dfu)
(/usr/share/texlive/texmf-dist/tex/latex/base/ts1enc.dfu)))
Writing index file Rd2.idx
No file Rd2.aux.
(/usr/share/texlive/texmf-dist/tex/latex/base/ts1cmr.fd)
(/usr/share/texlive/texmf-dist/tex/latex/psnfss/t1ptm.fd)
(/usr/share/texlive/texmf-dist/tex/context/base/supp-pdf.mkii
[Loading MPS to PDF converter (version 2006.09.02).]
) (/usr/share/texlive/texmf-dist/tex/latex/hyperref/nameref.sty
(/usr/share/texlive/texmf-dist/tex/generic/oberdiek/gettitlestring.sty))
(/usr/share/texlive/texmf-dist/tex/latex/base/utf8.def)
(/usr/share/texlive/texmf-dist/tex/latex/psnfss/t1pcr.fd)
(/usr/share/texlive/texmf-dist/tex/latex/psnfss/t1phv.fd)
(/usr/share/texlive/texmf-dist/tex/latex/base/utf8.def) [1{/usr/share/texlive/t
exmf/fonts/map/pdftex/updmap/pdftex.map}]
(/usr/share/texlive/texmf-dist/tex/latex/base/utf8.def) [2]
(/usr/share/texlive/texmf-dist/tex/latex/base/utf8.def) [3]
(/usr/share/texlive/texmf-dist/tex/latex/base/utf8.def)
(/usr/share/texlive/texmf-dist/tex/latex/psnfss/ts1pcr.fd) [4pdfTeX warning (ex
t4): destination with the same identifier (name{Rfn.clipcopy.default}) has been
 already used, duplicate ignored

\AtBegShi@Output ...ipout \box \AtBeginShipoutBox 
                                                  \fi \fi 
l.228 \code{\LinkA{clipcopy}{clipcopy}}
                                       , \code{\LinkA{format.proptab}{format...
pdfTeX warning (ext4): destination with the same identifier (name{Rfn.copie.pro
ptab}) has been already used, duplicate ignored

\AtBegShi@Output ...ipout \box \AtBeginShipoutBox 
                                                  \fi \fi 
l.228 \code{\LinkA{clipcopy}{clipcopy}}
                                       , \code{\LinkA{format.proptab}{format...
] (/usr/share/texlive/texmf-dist/tex/latex/base/utf8.def) [5]
(/usr/share/texlive/texmf-dist/tex/latex/base/utf8.def)
(/usr/share/texlive/texmf-dist/tex/latex/base/utf8.def) [6]
Overfull \hbox (42.78088pt too wide) in paragraph at lines 349--349
 []\T1/pcr/m/n/10 cross.multi.table(df, crossvar, weights = NULL, digits = 1, f
req = FALSE,[] 

Overfull \hbox (58.38037pt too wide) in paragraph at lines 403--403
 []\T1/pcr/m/n/9 cross.multi.table(df[,c("jazz", "rock","electronic")], df$sex,
 true.codes=list("Y"))[] 
[7]
Overfull \hbox (117.7803pt too wide) in paragraph at lines 405--405
 []\T1/pcr/m/n/9 cross.multi.table(df[,c("jazz", "rock","electronic")], df$sex,
 true.codes=list("Y"), freq=TRUE)[] 

Overfull \hbox (31.3804pt too wide) in paragraph at lines 408--408
 []                  \T1/pcr/m/n/9 df$sex, true.codes=list("Y"), freq=TRUE, tfr
eq="row", n=TRUE)[] 
(/usr/share/texlive/texmf-dist/tex/latex/base/utf8.def) [8]
(/usr/share/texlive/texmf-dist/tex/latex/base/utf8.def) [9]
(/usr/share/texlive/texmf-dist/tex/latex/base/utf8.def)
(/usr/share/texlive/texmf-dist/tex/latex/base/utf8.def)
Underfull \hbox (badness 10000) in paragraph at lines 569--569
[]\T1/ptm/m/it/10 Escape regex spe-cial chars Code di-rectly taken from
(/usr/share/texlive/texmf-dist/tex/latex/base/utf8.def) [10]
(/usr/share/texlive/texmf-dist/tex/latex/psnfss/ts1ptm.fd)
(/usr/share/texlive/texmf-dist/tex/latex/base/utf8.def)
(/usr/share/texlive/texmf-dist/tex/latex/base/utf8.def) [11]
(/usr/share/texlive/texmf-dist/tex/latex/base/utf8.def)
(/usr/share/texlive/texmf-dist/tex/latex/base/utf8.def) [12]
(/usr/share/texlive/texmf-dist/tex/latex/base/utf8.def) [13]
(/usr/share/texlive/texmf-dist/tex/latex/base/utf8.def) [14]
(/usr/share/texlive/texmf-dist/tex/latex/base/utf8.def) [15]
(/usr/share/texlive/texmf-dist/tex/latex/base/utf8.def)
(/usr/share/texlive/texmf-dist/tex/latex/base/utf8.def)
(/usr/share/texlive/texmf-dist/tex/latex/base/utf8.def) [16]
(/usr/share/texlive/texmf-dist/tex/latex/base/utf8.def)
(/usr/share/texlive/texmf-dist/tex/latex/base/utf8.def) [17]
(/usr/share/texlive/texmf-dist/tex/latex/base/utf8.def)
(/usr/share/texlive/texmf-dist/tex/latex/base/utf8.def) [18]
(/usr/share/texlive/texmf-dist/tex/latex/base/utf8.def)
(/usr/share/texlive/texmf-dist/tex/latex/base/utf8.def) [19]
Overfull \hbox (24.78088pt too wide) in paragraph at lines 1099--1099
 []\T1/pcr/m/n/10 lookfor(data, ..., labels = TRUE, ignore.case = TRUE, details
 = FALSE)[] 
[20] (/usr/share/texlive/texmf-dist/tex/latex/base/utf8.def) [21]
(/usr/share/texlive/texmf-dist/tex/latex/base/utf8.def)
(/usr/share/texlive/texmf-dist/tex/latex/base/utf8.def) [22]
(/usr/share/texlive/texmf-dist/tex/latex/base/utf8.def) [23]
Overfull \hbox (90.78033pt too wide) in paragraph at lines 1350--1350
 []\T1/pcr/m/n/9 multi.table(df[,c("jazz", "rock","electronic")], true.codes=li
st("Y"), weights=df$weights)[] 

Overfull \hbox (47.58038pt too wide) in paragraph at lines 1352--1352
 []\T1/pcr/m/n/9 multi.table(df[,c("jazz", "rock","electronic")], true.codes=li
st("Y"), freq=FALSE)[] 
(/usr/share/texlive/texmf-dist/tex/latex/base/utf8.def) [24]
(/usr/share/texlive/texmf-dist/tex/latex/base/utf8.def) [25]
(/usr/share/texlive/texmf-dist/tex/latex/base/utf8.def) [26]
(/usr/share/texlive/texmf-dist/tex/latex/base/utf8.def)
Overfull \hbox (30.78088pt too wide) in paragraph at lines 1555--1555
 []\T1/pcr/m/n/10 prop_table(tab, digits = 1, total = TRUE, percent = FALSE, dr
op = TRUE,[] 
[27] (/usr/share/texlive/texmf-dist/tex/latex/base/utf8.def) [28]
(/usr/share/texlive/texmf-dist/tex/latex/base/utf8.def) [29]
(/usr/share/texlive/texmf-dist/tex/latex/base/utf8.def)
Overfull \hbox (48.78088pt too wide) in paragraph at lines 1719--1719
 []\T1/pcr/m/n/10 quant.cut(var, nbclass, include.lowest = TRUE, right = FALSE,
 dig.lab = 5,[] 
(/usr/share/texlive/texmf-dist/tex/latex/base/utf8.def) [30]
(/usr/share/texlive/texmf-dist/tex/latex/base/utf8.def)
Overfull \hbox (12.78088pt too wide) in paragraph at lines 1777--1777
 []\T1/pcr/m/n/10 recode.na(x, ..., verbose = FALSE, regex = TRUE, as.numeric =
 FALSE)[] 
[31] (/usr/share/texlive/texmf-dist/tex/latex/base/utf8.def)
(/usr/share/texlive/texmf-dist/tex/latex/base/utf8.def) [32]
(/usr/share/texlive/texmf-dist/tex/latex/base/utf8.def)
Overfull \hbox (25.78088pt too wide) in paragraph at lines 1920--1921
[][][]$\T1/pcr/m/n/10 http : / / www . insee . fr / fr / bases-[]de-[]donnees /
 default . asp ? page = recensements .
[33] (/usr/share/texlive/texmf-dist/tex/latex/base/utf8.def)
Overfull \hbox (25.78088pt too wide) in paragraph at lines 1941--1942
[][][]$\T1/pcr/m/n/10 http : / / www . insee . fr / fr / bases-[]de-[]donnees /
 default . asp ? page = recensements .
(/usr/share/texlive/texmf-dist/tex/latex/base/utf8.def) [34]
(/usr/share/texlive/texmf-dist/tex/latex/base/utf8.def) [35]
Overfull \hbox (47.58038pt too wide) in paragraph at lines 2068--2068
 []\T1/pcr/m/n/9 result <- tabs(hdv2003, x = "relig", y = c("qualif", "trav.imp
"), type = "counts")[] 

Overfull \hbox (42.18039pt too wide) in paragraph at lines 2071--2071
 []\T1/pcr/m/n/9 # xt <- tabs(hdv2003, x = "relig", y = c("qualif", "trav.imp")
, weight = "poids")[] 
(/usr/share/texlive/texmf-dist/tex/latex/base/utf8.def)
(/usr/share/texlive/texmf-dist/tex/latex/base/utf8.def) [36]
(/usr/share/texlive/texmf-dist/tex/latex/base/utf8.def)
Overfull \hbox (0.78088pt too wide) in paragraph at lines 2152--2152
 []\T1/pcr/m/n/10 wtd.table(x, y = NULL, weights = NULL, digits = 3, normwt = F
ALSE,[] 
[37]
No file Rd2.ind.
[38] (./Rd2.aux)

Package rerunfilecheck Warning: File `Rd2.out' has changed.
(rerunfilecheck)                Rerun to get outlines right
(rerunfilecheck)                or use package `bookmark'.

 )
(see the transcript file for additional information)pdfTeX warning (dest): name
{Rfn.var} has been referenced but does not exist, replaced by a fixed one

pdfTeX warning (dest): name{Rfn.mean} has been referenced but does not exist, r
eplaced by a fixed one

pdfTeX warning (dest): name{Rfn.wtd.stats} has been referenced but does not exi
st, replaced by a fixed one

pdfTeX warning (dest): name{Rfn.regex} has been referenced but does not exist, 
replaced by a fixed one

pdfTeX warning (dest): name{Rfn.quantile} has been referenced but does not exis
t, replaced by a fixed one

pdfTeX warning (dest): name{Rfn.cut} has been referenced but does not exist, re
placed by a fixed one

pdfTeX warning (dest): name{Rfn.library} has been referenced but does not exist
, replaced by a fixed one

pdfTeX warning (dest): name{Rfn.install.packages} has been referenced but does 
not exist, replaced by a fixed one

pdfTeX warning (dest): name{Rfn.printCoefmat} has been referenced but does not 
exist, replaced by a fixed one

pdfTeX warning (dest): name{Rfn.nnet} has been referenced but does not exist, r
eplaced by a fixed one

pdfTeX warning (dest): name{Rfn.multinom} has been referenced but does not exis
t, replaced by a fixed one

pdfTeX warning (dest): name{Rfn.stats} has been referenced but does not exist, 
replaced by a fixed one

pdfTeX warning (dest): name{Rfn.glm} has been referenced but does not exist, re
placed by a fixed one

pdfTeX warning (dest): name{Rfn.fisher.test} has been referenced but does not e
xist, replaced by a fixed one

pdfTeX warning (dest): name{Rfn.na.omit} has been referenced but does not exist
, replaced by a fixed one

pdfTeX warning (dest): name{Rfn.xtabs} has been referenced but does not exist, 
replaced by a fixed one

pdfTeX warning (dest): name{Rfn.is.na} has been referenced but does not exist, 
replaced by a fixed one

pdfTeX warning (dest): name{Rfn.format.default} has been referenced but does no
t exist, replaced by a fixed one

pdfTeX warning (dest): name{Rfn.duplicated} has been referenced but does not ex
ist, replaced by a fixed one

pdfTeX warning (dest): name{Rfn.prop.table} has been referenced but does not ex
ist, replaced by a fixed one

pdfTeX warning (dest): name{Rfn.table} has been referenced but does not exist, 
replaced by a fixed one

pdfTeX warning (dest): name{Rfn.kable} has been referenced but does not exist, 
replaced by a fixed one

pdfTeX warning (dest): name{Rfn.chisq.test} has been referenced but does not ex
ist, replaced by a fixed one

pdfTeX warning (dest): name{Rfn.addNA} has been referenced but does not exist, 
replaced by a fixed one

{/usr/share/texlive/texmf-dist/fonts/enc/dvips/base/8r.enc}</usr/share/texlive/
texmf-dist/fonts/type1/urw/courier/ucrr8a.pfb></usr/share/texlive/texmf-dist/fo
nts/type1/urw/helvetic/uhvr8a.pfb></usr/share/texlive/texmf-dist/fonts/type1/ur
w/times/utmb8a.pfb></usr/share/texlive/texmf-dist/fonts/type1/urw/times/utmr8a.
pfb></usr/share/texlive/texmf-dist/fonts/type1/urw/times/utmr8a.pfb></usr/share
/texlive/texmf-dist/fonts/type1/urw/times/utmri8a.pfb>
Output written on Rd2.pdf (38 pages, 147562 bytes).
Transcript written on Rd2.log.
This is makeindex, version 2.15 [TeX Live 2013] (kpathsea + Thai support).
Scanning input file Rd2.idx....done (151 entries accepted, 0 rejected).
Sorting entries....done (1214 comparisons).
Generating output file Rd2.ind....done (205 lines written, 4 warnings).
Output written in Rd2.ind.
Transcript written in Rd2.ilg.
This is pdfTeX, Version 3.1415926-2.5-1.40.14 (TeX Live 2013)
 restricted \write18 enabled.
entering extended mode
LaTeX2e <2011/06/27>
Babel <v3.8m> and hyphenation patterns for english, dumylang, nohyphenation, lo
aded.
(./Rd2.tex
(/usr/share/texlive/texmf-dist/tex/latex/base/book.cls
Document Class: book 2007/10/19 v1.4h Standard LaTeX document class
(/usr/share/texlive/texmf-dist/tex/latex/base/bk10.clo))
(/opt/R/3.5.1/lib64/R/share/texmf/tex/latex/Rd.sty
(/usr/share/texlive/texmf-dist/tex/latex/base/ifthen.sty)
(/usr/share/texlive/texmf-dist/tex/latex/tools/longtable.sty)
(/usr/share/texlive/texmf-dist/tex/latex/tools/bm.sty)
(/usr/share/texlive/texmf-dist/tex/latex/base/alltt.sty)
(/usr/share/texlive/texmf-dist/tex/latex/tools/verbatim.sty)
(/usr/share/texlive/texmf-dist/tex/latex/url/url.sty)
(/usr/share/texlive/texmf-dist/tex/latex/base/textcomp.sty
(/usr/share/texlive/texmf-dist/tex/latex/base/ts1enc.def))
(/usr/share/texlive/texmf-dist/tex/latex/base/fontenc.sty
(/usr/share/texlive/texmf-dist/tex/latex/base/t1enc.def))
(/usr/share/texlive/texmf-dist/tex/latex/psnfss/times.sty)
(/usr/share/texlive/texmf-dist/tex/latex/graphics/color.sty
(/usr/share/texlive/texmf-dist/tex/latex/latexconfig/color.cfg)
(/usr/share/texlive/texmf-dist/tex/latex/pdftex-def/pdftex.def
(/usr/share/texlive/texmf-dist/tex/generic/oberdiek/infwarerr.sty)
(/usr/share/texlive/texmf-dist/tex/generic/oberdiek/ltxcmds.sty)))
(/usr/share/texlive/texmf-dist/tex/latex/hyperref/hyperref.sty
(/usr/share/texlive/texmf-dist/tex/generic/oberdiek/hobsub-hyperref.sty
(/usr/share/texlive/texmf-dist/tex/generic/oberdiek/hobsub-generic.sty))
(/usr/share/texlive/texmf-dist/tex/latex/graphics/keyval.sty)
(/usr/share/texlive/texmf-dist/tex/generic/ifxetex/ifxetex.sty)
(/usr/share/texlive/texmf-dist/tex/latex/oberdiek/auxhook.sty)
(/usr/share/texlive/texmf-dist/tex/latex/oberdiek/kvoptions.sty)
(/usr/share/texlive/texmf-dist/tex/latex/hyperref/pd1enc.def)
(/usr/share/texlive/texmf-dist/tex/latex/latexconfig/hyperref.cfg))

Package hyperref Message: Driver (autodetected): hpdftex.

(/usr/share/texlive/texmf-dist/tex/latex/hyperref/hpdftex.def
(/usr/share/texlive/texmf-dist/tex/latex/oberdiek/rerunfilecheck.sty))

Package hyperref Warning: Option `hyperindex' has already been used,
(hyperref)                setting the option has no effect on input line 366.


Package hyperref Warning: Option `pagebackref' has already been used,
(hyperref)                setting the option has no effect on input line 366.

) (/usr/share/texlive/texmf-dist/tex/latex/base/makeidx.sty)
(/usr/share/texlive/texmf-dist/tex/latex/base/inputenc.sty
(/usr/share/texlive/texmf-dist/tex/latex/base/utf8.def
(/usr/share/texlive/texmf-dist/tex/latex/base/t1enc.dfu)
(/usr/share/texlive/texmf-dist/tex/latex/base/ot1enc.dfu)
(/usr/share/texlive/texmf-dist/tex/latex/base/omsenc.dfu)
(/usr/share/texlive/texmf-dist/tex/latex/base/ts1enc.dfu)))
Writing index file Rd2.idx
(./Rd2.aux) (/usr/share/texlive/texmf-dist/tex/latex/base/ts1cmr.fd)
(/usr/share/texlive/texmf-dist/tex/latex/psnfss/t1ptm.fd)
(/usr/share/texlive/texmf-dist/tex/context/base/supp-pdf.mkii
[Loading MPS to PDF converter (version 2006.09.02).]
) (/usr/share/texlive/texmf-dist/tex/latex/hyperref/nameref.sty
(/usr/share/texlive/texmf-dist/tex/generic/oberdiek/gettitlestring.sty))
(./Rd2.out) (./Rd2.out) (/usr/share/texlive/texmf-dist/tex/latex/base/utf8.def)
(/usr/share/texlive/texmf-dist/tex/latex/psnfss/t1pcr.fd)
(/usr/share/texlive/texmf-dist/tex/latex/psnfss/t1phv.fd) (./Rd2.toc [1{/usr/sh
are/texlive/texmf/fonts/map/pdftex/updmap/pdftex.map}])
(/usr/share/texlive/texmf-dist/tex/latex/base/utf8.def) [2]
(/usr/share/texlive/texmf-dist/tex/latex/base/utf8.def) [3]
(/usr/share/texlive/texmf-dist/tex/latex/base/utf8.def) [4]
(/usr/share/texlive/texmf-dist/tex/latex/base/utf8.def)
(/usr/share/texlive/texmf-dist/tex/latex/psnfss/ts1pcr.fd) [5pdfTeX warning (ex
t4): destination with the same identifier (name{Rfn.clipcopy.default}) has been
 already used, duplicate ignored

\AtBegShi@Output ...ipout \box \AtBeginShipoutBox 
                                                  \fi \fi 
l.228 \code{\LinkA{clipcopy}{clipcopy}}
                                       , \code{\LinkA{format.proptab}{format...
pdfTeX warning (ext4): destination with the same identifier (name{Rfn.copie.pro
ptab}) has been already used, duplicate ignored

\AtBegShi@Output ...ipout \box \AtBeginShipoutBox 
                                                  \fi \fi 
l.228 \code{\LinkA{clipcopy}{clipcopy}}
                                       , \code{\LinkA{format.proptab}{format...
] (/usr/share/texlive/texmf-dist/tex/latex/base/utf8.def) [6]
(/usr/share/texlive/texmf-dist/tex/latex/base/utf8.def)
(/usr/share/texlive/texmf-dist/tex/latex/base/utf8.def) [7]
Overfull \hbox (42.78088pt too wide) in paragraph at lines 349--349
 []\T1/pcr/m/n/10 cross.multi.table(df, crossvar, weights = NULL, digits = 1, f
req = FALSE,[] 

Overfull \hbox (58.38037pt too wide) in paragraph at lines 403--403
 []\T1/pcr/m/n/9 cross.multi.table(df[,c("jazz", "rock","electronic")], df$sex,
 true.codes=list("Y"))[] 
[8]
Overfull \hbox (117.7803pt too wide) in paragraph at lines 405--405
 []\T1/pcr/m/n/9 cross.multi.table(df[,c("jazz", "rock","electronic")], df$sex,
 true.codes=list("Y"), freq=TRUE)[] 

Overfull \hbox (31.3804pt too wide) in paragraph at lines 408--408
 []                  \T1/pcr/m/n/9 df$sex, true.codes=list("Y"), freq=TRUE, tfr
eq="row", n=TRUE)[] 
(/usr/share/texlive/texmf-dist/tex/latex/base/utf8.def) [9]
(/usr/share/texlive/texmf-dist/tex/latex/base/utf8.def) [10]
(/usr/share/texlive/texmf-dist/tex/latex/base/utf8.def)
(/usr/share/texlive/texmf-dist/tex/latex/base/utf8.def)
Underfull \hbox (badness 10000) in paragraph at lines 569--569
[]\T1/ptm/m/it/10 Escape regex spe-cial chars Code di-rectly taken from
(/usr/share/texlive/texmf-dist/tex/latex/base/utf8.def) [11]
(/usr/share/texlive/texmf-dist/tex/latex/psnfss/ts1ptm.fd)
(/usr/share/texlive/texmf-dist/tex/latex/base/utf8.def)
(/usr/share/texlive/texmf-dist/tex/latex/base/utf8.def) [12]
(/usr/share/texlive/texmf-dist/tex/latex/base/utf8.def)
(/usr/share/texlive/texmf-dist/tex/latex/base/utf8.def) [13]
(/usr/share/texlive/texmf-dist/tex/latex/base/utf8.def) [14]
(/usr/share/texlive/texmf-dist/tex/latex/base/utf8.def) [15]
(/usr/share/texlive/texmf-dist/tex/latex/base/utf8.def) [16]
(/usr/share/texlive/texmf-dist/tex/latex/base/utf8.def)
(/usr/share/texlive/texmf-dist/tex/latex/base/utf8.def)
(/usr/share/texlive/texmf-dist/tex/latex/base/utf8.def) [17]
(/usr/share/texlive/texmf-dist/tex/latex/base/utf8.def)
(/usr/share/texlive/texmf-dist/tex/latex/base/utf8.def) [18]
(/usr/share/texlive/texmf-dist/tex/latex/base/utf8.def)
(/usr/share/texlive/texmf-dist/tex/latex/base/utf8.def) [19]
(/usr/share/texlive/texmf-dist/tex/latex/base/utf8.def)
(/usr/share/texlive/texmf-dist/tex/latex/base/utf8.def) [20]
Overfull \hbox (24.78088pt too wide) in paragraph at lines 1099--1099
 []\T1/pcr/m/n/10 lookfor(data, ..., labels = TRUE, ignore.case = TRUE, details
 = FALSE)[] 
[21] (/usr/share/texlive/texmf-dist/tex/latex/base/utf8.def) [22]
(/usr/share/texlive/texmf-dist/tex/latex/base/utf8.def)
(/usr/share/texlive/texmf-dist/tex/latex/base/utf8.def) [23]
(/usr/share/texlive/texmf-dist/tex/latex/base/utf8.def) [24]
Overfull \hbox (90.78033pt too wide) in paragraph at lines 1350--1350
 []\T1/pcr/m/n/9 multi.table(df[,c("jazz", "rock","electronic")], true.codes=li
st("Y"), weights=df$weights)[] 

Overfull \hbox (47.58038pt too wide) in paragraph at lines 1352--1352
 []\T1/pcr/m/n/9 multi.table(df[,c("jazz", "rock","electronic")], true.codes=li
st("Y"), freq=FALSE)[] 
(/usr/share/texlive/texmf-dist/tex/latex/base/utf8.def) [25]
(/usr/share/texlive/texmf-dist/tex/latex/base/utf8.def) [26]
(/usr/share/texlive/texmf-dist/tex/latex/base/utf8.def) [27]
(/usr/share/texlive/texmf-dist/tex/latex/base/utf8.def)
Overfull \hbox (30.78088pt too wide) in paragraph at lines 1555--1555
 []\T1/pcr/m/n/10 prop_table(tab, digits = 1, total = TRUE, percent = FALSE, dr
op = TRUE,[] 
[28] (/usr/share/texlive/texmf-dist/tex/latex/base/utf8.def) [29]
(/usr/share/texlive/texmf-dist/tex/latex/base/utf8.def) [30]
(/usr/share/texlive/texmf-dist/tex/latex/base/utf8.def)
Overfull \hbox (48.78088pt too wide) in paragraph at lines 1719--1719
 []\T1/pcr/m/n/10 quant.cut(var, nbclass, include.lowest = TRUE, right = FALSE,
 dig.lab = 5,[] 
(/usr/share/texlive/texmf-dist/tex/latex/base/utf8.def) [31]
(/usr/share/texlive/texmf-dist/tex/latex/base/utf8.def)
Overfull \hbox (12.78088pt too wide) in paragraph at lines 1777--1777
 []\T1/pcr/m/n/10 recode.na(x, ..., verbose = FALSE, regex = TRUE, as.numeric =
 FALSE)[] 
[32] (/usr/share/texlive/texmf-dist/tex/latex/base/utf8.def)
(/usr/share/texlive/texmf-dist/tex/latex/base/utf8.def) [33]
(/usr/share/texlive/texmf-dist/tex/latex/base/utf8.def)
Overfull \hbox (25.78088pt too wide) in paragraph at lines 1920--1921
[][][]$\T1/pcr/m/n/10 http : / / www . insee . fr / fr / bases-[]de-[]donnees /
 default . asp ? page = recensements .
[34] (/usr/share/texlive/texmf-dist/tex/latex/base/utf8.def)
Overfull \hbox (25.78088pt too wide) in paragraph at lines 1941--1942
[][][]$\T1/pcr/m/n/10 http : / / www . insee . fr / fr / bases-[]de-[]donnees /
 default . asp ? page = recensements .
(/usr/share/texlive/texmf-dist/tex/latex/base/utf8.def) [35]
(/usr/share/texlive/texmf-dist/tex/latex/base/utf8.def) [36]
Overfull \hbox (47.58038pt too wide) in paragraph at lines 2068--2068
 []\T1/pcr/m/n/9 result <- tabs(hdv2003, x = "relig", y = c("qualif", "trav.imp
"), type = "counts")[] 

Overfull \hbox (42.18039pt too wide) in paragraph at lines 2071--2071
 []\T1/pcr/m/n/9 # xt <- tabs(hdv2003, x = "relig", y = c("qualif", "trav.imp")
, weight = "poids")[] 
(/usr/share/texlive/texmf-dist/tex/latex/base/utf8.def)
(/usr/share/texlive/texmf-dist/tex/latex/base/utf8.def) [37]
(/usr/share/texlive/texmf-dist/tex/latex/base/utf8.def)
Overfull \hbox (0.78088pt too wide) in paragraph at lines 2152--2152
 []\T1/pcr/m/n/10 wtd.table(x, y = NULL, weights = NULL, digits = 3, normwt = F
ALSE,[] 
[38] (./Rd2.ind [39] [40] [41]) (./Rd2.aux)

Package rerunfilecheck Warning: File `Rd2.out' has changed.
(rerunfilecheck)                Rerun to get outlines right
(rerunfilecheck)                or use package `bookmark'.

 )
(see the transcript file for additional information)pdfTeX warning (dest): name
{Rfn.var} has been referenced but does not exist, replaced by a fixed one

pdfTeX warning (dest): name{Rfn.mean} has been referenced but does not exist, r
eplaced by a fixed one

pdfTeX warning (dest): name{Rfn.wtd.stats} has been referenced but does not exi
st, replaced by a fixed one

pdfTeX warning (dest): name{Rfn.regex} has been referenced but does not exist, 
replaced by a fixed one

pdfTeX warning (dest): name{Rfn.quantile} has been referenced but does not exis
t, replaced by a fixed one

pdfTeX warning (dest): name{Rfn.cut} has been referenced but does not exist, re
placed by a fixed one

pdfTeX warning (dest): name{Rfn.library} has been referenced but does not exist
, replaced by a fixed one

pdfTeX warning (dest): name{Rfn.install.packages} has been referenced but does 
not exist, replaced by a fixed one

pdfTeX warning (dest): name{Rfn.printCoefmat} has been referenced but does not 
exist, replaced by a fixed one

pdfTeX warning (dest): name{Rfn.nnet} has been referenced but does not exist, r
eplaced by a fixed one

pdfTeX warning (dest): name{Rfn.multinom} has been referenced but does not exis
t, replaced by a fixed one

pdfTeX warning (dest): name{Rfn.stats} has been referenced but does not exist, 
replaced by a fixed one

pdfTeX warning (dest): name{Rfn.glm} has been referenced but does not exist, re
placed by a fixed one

pdfTeX warning (dest): name{Rfn.fisher.test} has been referenced but does not e
xist, replaced by a fixed one

pdfTeX warning (dest): name{Rfn.na.omit} has been referenced but does not exist
, replaced by a fixed one

pdfTeX warning (dest): name{Rfn.xtabs} has been referenced but does not exist, 
replaced by a fixed one

pdfTeX warning (dest): name{Rfn.is.na} has been referenced but does not exist, 
replaced by a fixed one

pdfTeX warning (dest): name{Rfn.format.default} has been referenced but does no
t exist, replaced by a fixed one

pdfTeX warning (dest): name{Rfn.duplicated} has been referenced but does not ex
ist, replaced by a fixed one

pdfTeX warning (dest): name{Rfn.prop.table} has been referenced but does not ex
ist, replaced by a fixed one

pdfTeX warning (dest): name{Rfn.table} has been referenced but does not exist, 
replaced by a fixed one

pdfTeX warning (dest): name{Rfn.kable} has been referenced but does not exist, 
replaced by a fixed one

pdfTeX warning (dest): name{Rfn.chisq.test} has been referenced but does not ex
ist, replaced by a fixed one

pdfTeX warning (dest): name{Rfn.addNA} has been referenced but does not exist, 
replaced by a fixed one

{/usr/share/texlive/texmf-dist/fonts/enc/dvips/base/8r.enc}</usr/share/texlive/
texmf-dist/fonts/type1/public/amsfonts/cm/cmsy10.pfb></usr/share/texlive/texmf-
dist/fonts/type1/urw/courier/ucrr8a.pfb></usr/share/texlive/texmf-dist/fonts/ty
pe1/urw/courier/ucrro8a.pfb></usr/share/texlive/texmf-dist/fonts/type1/urw/helv
etic/uhvr8a.pfb></usr/share/texlive/texmf-dist/fonts/type1/urw/times/utmb8a.pfb
></usr/share/texlive/texmf-dist/fonts/type1/urw/times/utmr8a.pfb></usr/share/te
xlive/texmf-dist/fonts/type1/urw/times/utmr8a.pfb></usr/share/texlive/texmf-dis
t/fonts/type1/urw/times/utmri8a.pfb>
Output written on Rd2.pdf (41 pages, 177175 bytes).
Transcript written on Rd2.log.
This is makeindex, version 2.15 [TeX Live 2013] (kpathsea + Thai support).
Scanning input file Rd2.idx....done (151 entries accepted, 0 rejected).
Sorting entries....done (1214 comparisons).
Generating output file Rd2.ind....done (205 lines written, 4 warnings).
Output written in Rd2.ind.
Transcript written in Rd2.ilg.
This is pdfTeX, Version 3.1415926-2.5-1.40.14 (TeX Live 2013)
 restricted \write18 enabled.
entering extended mode
LaTeX2e <2011/06/27>
Babel <v3.8m> and hyphenation patterns for english, dumylang, nohyphenation, lo
aded.
(./Rd2.tex
(/usr/share/texlive/texmf-dist/tex/latex/base/book.cls
Document Class: book 2007/10/19 v1.4h Standard LaTeX document class
(/usr/share/texlive/texmf-dist/tex/latex/base/bk10.clo))
(/opt/R/3.5.1/lib64/R/share/texmf/tex/latex/Rd.sty
(/usr/share/texlive/texmf-dist/tex/latex/base/ifthen.sty)
(/usr/share/texlive/texmf-dist/tex/latex/tools/longtable.sty)
(/usr/share/texlive/texmf-dist/tex/latex/tools/bm.sty)
(/usr/share/texlive/texmf-dist/tex/latex/base/alltt.sty)
(/usr/share/texlive/texmf-dist/tex/latex/tools/verbatim.sty)
(/usr/share/texlive/texmf-dist/tex/latex/url/url.sty)
(/usr/share/texlive/texmf-dist/tex/latex/base/textcomp.sty
(/usr/share/texlive/texmf-dist/tex/latex/base/ts1enc.def))
(/usr/share/texlive/texmf-dist/tex/latex/base/fontenc.sty
(/usr/share/texlive/texmf-dist/tex/latex/base/t1enc.def))
(/usr/share/texlive/texmf-dist/tex/latex/psnfss/times.sty)
(/usr/share/texlive/texmf-dist/tex/latex/graphics/color.sty
(/usr/share/texlive/texmf-dist/tex/latex/latexconfig/color.cfg)
(/usr/share/texlive/texmf-dist/tex/latex/pdftex-def/pdftex.def
(/usr/share/texlive/texmf-dist/tex/generic/oberdiek/infwarerr.sty)
(/usr/share/texlive/texmf-dist/tex/generic/oberdiek/ltxcmds.sty)))
(/usr/share/texlive/texmf-dist/tex/latex/hyperref/hyperref.sty
(/usr/share/texlive/texmf-dist/tex/generic/oberdiek/hobsub-hyperref.sty
(/usr/share/texlive/texmf-dist/tex/generic/oberdiek/hobsub-generic.sty))
(/usr/share/texlive/texmf-dist/tex/latex/graphics/keyval.sty)
(/usr/share/texlive/texmf-dist/tex/generic/ifxetex/ifxetex.sty)
(/usr/share/texlive/texmf-dist/tex/latex/oberdiek/auxhook.sty)
(/usr/share/texlive/texmf-dist/tex/latex/oberdiek/kvoptions.sty)
(/usr/share/texlive/texmf-dist/tex/latex/hyperref/pd1enc.def)
(/usr/share/texlive/texmf-dist/tex/latex/latexconfig/hyperref.cfg))

Package hyperref Message: Driver (autodetected): hpdftex.

(/usr/share/texlive/texmf-dist/tex/latex/hyperref/hpdftex.def
(/usr/share/texlive/texmf-dist/tex/latex/oberdiek/rerunfilecheck.sty))

Package hyperref Warning: Option `hyperindex' has already been used,
(hyperref)                setting the option has no effect on input line 366.


Package hyperref Warning: Option `pagebackref' has already been used,
(hyperref)                setting the option has no effect on input line 366.

) (/usr/share/texlive/texmf-dist/tex/latex/base/makeidx.sty)
(/usr/share/texlive/texmf-dist/tex/latex/base/inputenc.sty
(/usr/share/texlive/texmf-dist/tex/latex/base/utf8.def
(/usr/share/texlive/texmf-dist/tex/latex/base/t1enc.dfu)
(/usr/share/texlive/texmf-dist/tex/latex/base/ot1enc.dfu)
(/usr/share/texlive/texmf-dist/tex/latex/base/omsenc.dfu)
(/usr/share/texlive/texmf-dist/tex/latex/base/ts1enc.dfu)))
Writing index file Rd2.idx
(./Rd2.aux) (/usr/share/texlive/texmf-dist/tex/latex/base/ts1cmr.fd)
(/usr/share/texlive/texmf-dist/tex/latex/psnfss/t1ptm.fd)
(/usr/share/texlive/texmf-dist/tex/context/base/supp-pdf.mkii
[Loading MPS to PDF converter (version 2006.09.02).]
) (/usr/share/texlive/texmf-dist/tex/latex/hyperref/nameref.sty
(/usr/share/texlive/texmf-dist/tex/generic/oberdiek/gettitlestring.sty))
(./Rd2.out) (./Rd2.out) (/usr/share/texlive/texmf-dist/tex/latex/base/utf8.def)
(/usr/share/texlive/texmf-dist/tex/latex/psnfss/t1pcr.fd)
(/usr/share/texlive/texmf-dist/tex/latex/psnfss/t1phv.fd) (./Rd2.toc [1{/usr/sh
are/texlive/texmf/fonts/map/pdftex/updmap/pdftex.map}])
(/usr/share/texlive/texmf-dist/tex/latex/base/utf8.def) [2]
(/usr/share/texlive/texmf-dist/tex/latex/base/utf8.def) [3]
(/usr/share/texlive/texmf-dist/tex/latex/base/utf8.def) [4]
(/usr/share/texlive/texmf-dist/tex/latex/base/utf8.def)
(/usr/share/texlive/texmf-dist/tex/latex/psnfss/ts1pcr.fd) [5pdfTeX warning (ex
t4): destination with the same identifier (name{Rfn.clipcopy.default}) has been
 already used, duplicate ignored

\AtBegShi@Output ...ipout \box \AtBeginShipoutBox 
                                                  \fi \fi 
l.228 \code{\LinkA{clipcopy}{clipcopy}}
                                       , \code{\LinkA{format.proptab}{format...
pdfTeX warning (ext4): destination with the same identifier (name{Rfn.copie.pro
ptab}) has been already used, duplicate ignored

\AtBegShi@Output ...ipout \box \AtBeginShipoutBox 
                                                  \fi \fi 
l.228 \code{\LinkA{clipcopy}{clipcopy}}
                                       , \code{\LinkA{format.proptab}{format...
] (/usr/share/texlive/texmf-dist/tex/latex/base/utf8.def) [6]
(/usr/share/texlive/texmf-dist/tex/latex/base/utf8.def)
(/usr/share/texlive/texmf-dist/tex/latex/base/utf8.def) [7]
Overfull \hbox (42.78088pt too wide) in paragraph at lines 349--349
 []\T1/pcr/m/n/10 cross.multi.table(df, crossvar, weights = NULL, digits = 1, f
req = FALSE,[] 

Overfull \hbox (58.38037pt too wide) in paragraph at lines 403--403
 []\T1/pcr/m/n/9 cross.multi.table(df[,c("jazz", "rock","electronic")], df$sex,
 true.codes=list("Y"))[] 
[8]
Overfull \hbox (117.7803pt too wide) in paragraph at lines 405--405
 []\T1/pcr/m/n/9 cross.multi.table(df[,c("jazz", "rock","electronic")], df$sex,
 true.codes=list("Y"), freq=TRUE)[] 

Overfull \hbox (31.3804pt too wide) in paragraph at lines 408--408
 []                  \T1/pcr/m/n/9 df$sex, true.codes=list("Y"), freq=TRUE, tfr
eq="row", n=TRUE)[] 
(/usr/share/texlive/texmf-dist/tex/latex/base/utf8.def) [9]
(/usr/share/texlive/texmf-dist/tex/latex/base/utf8.def) [10]
(/usr/share/texlive/texmf-dist/tex/latex/base/utf8.def)
(/usr/share/texlive/texmf-dist/tex/latex/base/utf8.def)
Underfull \hbox (badness 10000) in paragraph at lines 569--569
[]\T1/ptm/m/it/10 Escape regex spe-cial chars Code di-rectly taken from
(/usr/share/texlive/texmf-dist/tex/latex/base/utf8.def) [11]
(/usr/share/texlive/texmf-dist/tex/latex/psnfss/ts1ptm.fd)
(/usr/share/texlive/texmf-dist/tex/latex/base/utf8.def)
(/usr/share/texlive/texmf-dist/tex/latex/base/utf8.def) [12]
(/usr/share/texlive/texmf-dist/tex/latex/base/utf8.def)
(/usr/share/texlive/texmf-dist/tex/latex/base/utf8.def) [13]
(/usr/share/texlive/texmf-dist/tex/latex/base/utf8.def) [14]
(/usr/share/texlive/texmf-dist/tex/latex/base/utf8.def) [15]
(/usr/share/texlive/texmf-dist/tex/latex/base/utf8.def) [16]
(/usr/share/texlive/texmf-dist/tex/latex/base/utf8.def)
(/usr/share/texlive/texmf-dist/tex/latex/base/utf8.def)
(/usr/share/texlive/texmf-dist/tex/latex/base/utf8.def) [17]
(/usr/share/texlive/texmf-dist/tex/latex/base/utf8.def)
(/usr/share/texlive/texmf-dist/tex/latex/base/utf8.def) [18]
(/usr/share/texlive/texmf-dist/tex/latex/base/utf8.def)
(/usr/share/texlive/texmf-dist/tex/latex/base/utf8.def) [19]
(/usr/share/texlive/texmf-dist/tex/latex/base/utf8.def)
(/usr/share/texlive/texmf-dist/tex/latex/base/utf8.def) [20]
Overfull \hbox (24.78088pt too wide) in paragraph at lines 1099--1099
 []\T1/pcr/m/n/10 lookfor(data, ..., labels = TRUE, ignore.case = TRUE, details
 = FALSE)[] 
[21] (/usr/share/texlive/texmf-dist/tex/latex/base/utf8.def) [22]
(/usr/share/texlive/texmf-dist/tex/latex/base/utf8.def)
(/usr/share/texlive/texmf-dist/tex/latex/base/utf8.def) [23]
(/usr/share/texlive/texmf-dist/tex/latex/base/utf8.def) [24]
Overfull \hbox (90.78033pt too wide) in paragraph at lines 1350--1350
 []\T1/pcr/m/n/9 multi.table(df[,c("jazz", "rock","electronic")], true.codes=li
st("Y"), weights=df$weights)[] 

Overfull \hbox (47.58038pt too wide) in paragraph at lines 1352--1352
 []\T1/pcr/m/n/9 multi.table(df[,c("jazz", "rock","electronic")], true.codes=li
st("Y"), freq=FALSE)[] 
(/usr/share/texlive/texmf-dist/tex/latex/base/utf8.def) [25]
(/usr/share/texlive/texmf-dist/tex/latex/base/utf8.def) [26]
(/usr/share/texlive/texmf-dist/tex/latex/base/utf8.def) [27]
(/usr/share/texlive/texmf-dist/tex/latex/base/utf8.def)
Overfull \hbox (30.78088pt too wide) in paragraph at lines 1555--1555
 []\T1/pcr/m/n/10 prop_table(tab, digits = 1, total = TRUE, percent = FALSE, dr
op = TRUE,[] 
[28] (/usr/share/texlive/texmf-dist/tex/latex/base/utf8.def) [29]
(/usr/share/texlive/texmf-dist/tex/latex/base/utf8.def) [30]
(/usr/share/texlive/texmf-dist/tex/latex/base/utf8.def)
Overfull \hbox (48.78088pt too wide) in paragraph at lines 1719--1719
 []\T1/pcr/m/n/10 quant.cut(var, nbclass, include.lowest = TRUE, right = FALSE,
 dig.lab = 5,[] 
(/usr/share/texlive/texmf-dist/tex/latex/base/utf8.def) [31]
(/usr/share/texlive/texmf-dist/tex/latex/base/utf8.def)
Overfull \hbox (12.78088pt too wide) in paragraph at lines 1777--1777
 []\T1/pcr/m/n/10 recode.na(x, ..., verbose = FALSE, regex = TRUE, as.numeric =
 FALSE)[] 
[32] (/usr/share/texlive/texmf-dist/tex/latex/base/utf8.def)
(/usr/share/texlive/texmf-dist/tex/latex/base/utf8.def) [33]
(/usr/share/texlive/texmf-dist/tex/latex/base/utf8.def)
Overfull \hbox (25.78088pt too wide) in paragraph at lines 1920--1921
[][][]$\T1/pcr/m/n/10 http : / / www . insee . fr / fr / bases-[]de-[]donnees /
 default . asp ? page = recensements .
[34] (/usr/share/texlive/texmf-dist/tex/latex/base/utf8.def)
Overfull \hbox (25.78088pt too wide) in paragraph at lines 1941--1942
[][][]$\T1/pcr/m/n/10 http : / / www . insee . fr / fr / bases-[]de-[]donnees /
 default . asp ? page = recensements .
(/usr/share/texlive/texmf-dist/tex/latex/base/utf8.def) [35]
(/usr/share/texlive/texmf-dist/tex/latex/base/utf8.def) [36]
Overfull \hbox (47.58038pt too wide) in paragraph at lines 2068--2068
 []\T1/pcr/m/n/9 result <- tabs(hdv2003, x = "relig", y = c("qualif", "trav.imp
"), type = "counts")[] 

Overfull \hbox (42.18039pt too wide) in paragraph at lines 2071--2071
 []\T1/pcr/m/n/9 # xt <- tabs(hdv2003, x = "relig", y = c("qualif", "trav.imp")
, weight = "poids")[] 
(/usr/share/texlive/texmf-dist/tex/latex/base/utf8.def)
(/usr/share/texlive/texmf-dist/tex/latex/base/utf8.def) [37]
(/usr/share/texlive/texmf-dist/tex/latex/base/utf8.def)
Overfull \hbox (0.78088pt too wide) in paragraph at lines 2152--2152
 []\T1/pcr/m/n/10 wtd.table(x, y = NULL, weights = NULL, digits = 3, normwt = F
ALSE,[] 
[38] (./Rd2.ind [39] [40] [41]) (./Rd2.aux) )
(see the transcript file for additional information)pdfTeX warning (dest): name
{Rfn.var} has been referenced but does not exist, replaced by a fixed one

pdfTeX warning (dest): name{Rfn.mean} has been referenced but does not exist, r
eplaced by a fixed one

pdfTeX warning (dest): name{Rfn.wtd.stats} has been referenced but does not exi
st, replaced by a fixed one

pdfTeX warning (dest): name{Rfn.regex} has been referenced but does not exist, 
replaced by a fixed one

pdfTeX warning (dest): name{Rfn.quantile} has been referenced but does not exis
t, replaced by a fixed one

pdfTeX warning (dest): name{Rfn.cut} has been referenced but does not exist, re
placed by a fixed one

pdfTeX warning (dest): name{Rfn.library} has been referenced but does not exist
, replaced by a fixed one

pdfTeX warning (dest): name{Rfn.install.packages} has been referenced but does 
not exist, replaced by a fixed one

pdfTeX warning (dest): name{Rfn.printCoefmat} has been referenced but does not 
exist, replaced by a fixed one

pdfTeX warning (dest): name{Rfn.nnet} has been referenced but does not exist, r
eplaced by a fixed one

pdfTeX warning (dest): name{Rfn.multinom} has been referenced but does not exis
t, replaced by a fixed one

pdfTeX warning (dest): name{Rfn.stats} has been referenced but does not exist, 
replaced by a fixed one

pdfTeX warning (dest): name{Rfn.glm} has been referenced but does not exist, re
placed by a fixed one

pdfTeX warning (dest): name{Rfn.fisher.test} has been referenced but does not e
xist, replaced by a fixed one

pdfTeX warning (dest): name{Rfn.na.omit} has been referenced but does not exist
, replaced by a fixed one

pdfTeX warning (dest): name{Rfn.xtabs} has been referenced but does not exist, 
replaced by a fixed one

pdfTeX warning (dest): name{Rfn.is.na} has been referenced but does not exist, 
replaced by a fixed one

pdfTeX warning (dest): name{Rfn.format.default} has been referenced but does no
t exist, replaced by a fixed one

pdfTeX warning (dest): name{Rfn.duplicated} has been referenced but does not ex
ist, replaced by a fixed one

pdfTeX warning (dest): name{Rfn.prop.table} has been referenced but does not ex
ist, replaced by a fixed one

pdfTeX warning (dest): name{Rfn.table} has been referenced but does not exist, 
replaced by a fixed one

pdfTeX warning (dest): name{Rfn.kable} has been referenced but does not exist, 
replaced by a fixed one

pdfTeX warning (dest): name{Rfn.chisq.test} has been referenced but does not ex
ist, replaced by a fixed one

pdfTeX warning (dest): name{Rfn.addNA} has been referenced but does not exist, 
replaced by a fixed one

{/usr/share/texlive/texmf-dist/fonts/enc/dvips/base/8r.enc}</usr/share/texlive/
texmf-dist/fonts/type1/public/amsfonts/cm/cmsy10.pfb></usr/share/texlive/texmf-
dist/fonts/type1/urw/courier/ucrr8a.pfb></usr/share/texlive/texmf-dist/fonts/ty
pe1/urw/courier/ucrro8a.pfb></usr/share/texlive/texmf-dist/fonts/type1/urw/helv
etic/uhvr8a.pfb></usr/share/texlive/texmf-dist/fonts/type1/urw/times/utmb8a.pfb
></usr/share/texlive/texmf-dist/fonts/type1/urw/times/utmr8a.pfb></usr/share/te
xlive/texmf-dist/fonts/type1/urw/times/utmr8a.pfb></usr/share/texlive/texmf-dis
t/fonts/type1/urw/times/utmri8a.pfb>
Output written on Rd2.pdf (41 pages, 177940 bytes).
Transcript written on Rd2.log.
Saving output to ‘questionr-manual.pdf’ ...
Done
You may want to clean up by 'rm -Rf /tmp/RtmpF6ep95/Rd2pdf1d6037324411d'
