Hmm ... looks like a package

This is pdfTeX, Version 3.1415926-2.5-1.40.14 (TeX Live 2013)
 restricted \write18 enabled.
entering extended mode
LaTeX2e <2011/06/27>
Babel <v3.8m> and hyphenation patterns for english, dumylang, nohyphenation, lo
aded.
(./Rd2.tex
(/usr/share/texlive/texmf-dist/tex/latex/base/book.cls
Document Class: book 2007/10/19 v1.4h Standard LaTeX document class
(/usr/share/texlive/texmf-dist/tex/latex/base/bk10.clo))
(/opt/R/3.5.1/lib64/R/share/texmf/tex/latex/Rd.sty
(/usr/share/texlive/texmf-dist/tex/latex/base/ifthen.sty)
(/usr/share/texlive/texmf-dist/tex/latex/tools/longtable.sty)
(/usr/share/texlive/texmf-dist/tex/latex/tools/bm.sty)
(/usr/share/texlive/texmf-dist/tex/latex/base/alltt.sty)
(/usr/share/texlive/texmf-dist/tex/latex/tools/verbatim.sty)
(/usr/share/texlive/texmf-dist/tex/latex/url/url.sty)
(/usr/share/texlive/texmf-dist/tex/latex/base/textcomp.sty
(/usr/share/texlive/texmf-dist/tex/latex/base/ts1enc.def))
(/usr/share/texlive/texmf-dist/tex/latex/base/fontenc.sty
(/usr/share/texlive/texmf-dist/tex/latex/base/t1enc.def))
(/usr/share/texlive/texmf-dist/tex/latex/psnfss/times.sty)
(/usr/share/texlive/texmf-dist/tex/latex/graphics/color.sty
(/usr/share/texlive/texmf-dist/tex/latex/latexconfig/color.cfg)
(/usr/share/texlive/texmf-dist/tex/latex/pdftex-def/pdftex.def
(/usr/share/texlive/texmf-dist/tex/generic/oberdiek/infwarerr.sty)
(/usr/share/texlive/texmf-dist/tex/generic/oberdiek/ltxcmds.sty)))
(/usr/share/texlive/texmf-dist/tex/latex/hyperref/hyperref.sty
(/usr/share/texlive/texmf-dist/tex/generic/oberdiek/hobsub-hyperref.sty
(/usr/share/texlive/texmf-dist/tex/generic/oberdiek/hobsub-generic.sty))
(/usr/share/texlive/texmf-dist/tex/latex/graphics/keyval.sty)
(/usr/share/texlive/texmf-dist/tex/generic/ifxetex/ifxetex.sty)
(/usr/share/texlive/texmf-dist/tex/latex/oberdiek/auxhook.sty)
(/usr/share/texlive/texmf-dist/tex/latex/oberdiek/kvoptions.sty)
(/usr/share/texlive/texmf-dist/tex/latex/hyperref/pd1enc.def)
(/usr/share/texlive/texmf-dist/tex/latex/latexconfig/hyperref.cfg))

Package hyperref Message: Driver (autodetected): hpdftex.

(/usr/share/texlive/texmf-dist/tex/latex/hyperref/hpdftex.def
(/usr/share/texlive/texmf-dist/tex/latex/oberdiek/rerunfilecheck.sty))

Package hyperref Warning: Option `hyperindex' has already been used,
(hyperref)                setting the option has no effect on input line 366.


Package hyperref Warning: Option `pagebackref' has already been used,
(hyperref)                setting the option has no effect on input line 366.

) (/usr/share/texlive/texmf-dist/tex/latex/base/makeidx.sty)
(/usr/share/texlive/texmf-dist/tex/latex/base/inputenc.sty
(/usr/share/texlive/texmf-dist/tex/latex/base/utf8.def
(/usr/share/texlive/texmf-dist/tex/latex/base/t1enc.dfu)
(/usr/share/texlive/texmf-dist/tex/latex/base/ot1enc.dfu)
(/usr/share/texlive/texmf-dist/tex/latex/base/omsenc.dfu)
(/usr/share/texlive/texmf-dist/tex/latex/base/ts1enc.dfu)))
Writing index file Rd2.idx
No file Rd2.aux.
(/usr/share/texlive/texmf-dist/tex/latex/base/ts1cmr.fd)
(/usr/share/texlive/texmf-dist/tex/latex/psnfss/t1ptm.fd)
(/usr/share/texlive/texmf-dist/tex/context/base/supp-pdf.mkii
[Loading MPS to PDF converter (version 2006.09.02).]
) (/usr/share/texlive/texmf-dist/tex/latex/hyperref/nameref.sty
(/usr/share/texlive/texmf-dist/tex/generic/oberdiek/gettitlestring.sty))
(/usr/share/texlive/texmf-dist/tex/latex/base/utf8.def)
(/usr/share/texlive/texmf-dist/tex/latex/psnfss/ts1ptm.fd)
(/usr/share/texlive/texmf-dist/tex/latex/psnfss/t1pcr.fd)
(/usr/share/texlive/texmf-dist/tex/latex/psnfss/t1phv.fd)
(/usr/share/texlive/texmf-dist/tex/latex/base/utf8.def) [1{/usr/share/texlive/t
exmf/fonts/map/pdftex/updmap/pdftex.map}]
(/usr/share/texlive/texmf-dist/tex/latex/psnfss/ts1pcr.fd)
(/usr/share/texlive/texmf-dist/tex/latex/base/utf8.def) [2]
Overfull \hbox (25.98041pt too wide) in paragraph at lines 139--139
 []\T1/pcr/m/n/9 # an example of a wrapper function that calls asis_knit_child 
with an argument[] 

Overfull \hbox (106.98032pt too wide) in paragraph at lines 140--140
 []\T1/pcr/m/n/9 # ensures distinct paths for cache and figures, so that these 
calls can be looped in parallel[] 

Overfull \hbox (9.78043pt too wide) in paragraph at lines 145--145
 []       \T1/pcr/m/n/9 cache.path = paste0(knitr::opts_chunk$get("cache.path")
, hash, "-"))[] 
(/usr/share/texlive/texmf-dist/tex/latex/base/utf8.def)
Overfull \hbox (0.37573pt too wide) in paragraph at lines 157--159
[]\T1/ptm/m/n/10 a small mock BFI dataset with re-al-is-tic val-ues, ex-ported 
from formr. The dataset is self-documenting
[3] (/usr/share/texlive/texmf-dist/tex/latex/base/utf8.def)
Overfull \hbox (18.78088pt too wide) in paragraph at lines 186--186
 []\T1/pcr/m/n/10 codebook(results, reliabilities = NULL, survey_repetition = c
("auto",[] 

Overfull \hbox (24.78088pt too wide) in paragraph at lines 187--187
 []  \T1/pcr/m/n/10 "single", "repeated_once", "repeated_many"), survey_overvie
w = TRUE,[] 

Overfull \hbox (5.67725pt too wide) in paragraph at lines 197--198
\T1/ptm/m/n/10 pu-ta-tions for this scale. if NULL, com-puted on-the-fly us-ing
 com-pute_reliabilities 
[4] (/usr/share/texlive/texmf-dist/tex/latex/base/utf8.def)
(/usr/share/texlive/texmf-dist/tex/latex/base/utf8.def) [5]
(/usr/share/texlive/texmf-dist/tex/latex/base/utf8.def)
(/usr/share/texlive/texmf-dist/tex/latex/base/utf8.def) [6]
Overfull \hbox (4.38043pt too wide) in paragraph at lines 354--354
 []\T1/pcr/m/n/9 # doesn\TS1/pcr/m/n/9 '\T1/pcr/m/n/9 t show interactively, bec
ause a html widget needs to be registered[] 
(/usr/share/texlive/texmf-dist/tex/latex/base/utf8.def)
(/usr/share/texlive/texmf-dist/tex/latex/base/utf8.def) [7]
Overfull \hbox (5.90761pt too wide) in paragraph at lines 406--407
[]\T1/ptm/m/n/10 defaults to sin-gle (other val-ues: re-peated_once, re-peated_
many). con-trols whether
(/usr/share/texlive/texmf-dist/tex/latex/base/utf8.def)
(/usr/share/texlive/texmf-dist/tex/latex/base/utf8.def) [8]
(/usr/share/texlive/texmf-dist/tex/latex/base/utf8.def)
Overfull \hbox (0.78088pt too wide) in paragraph at lines 491--491
 []  \T1/pcr/m/n/10 negative_values_are_missing = TRUE, ninety_nine_problems = 
TRUE,[] 
[9] (/usr/share/texlive/texmf-dist/tex/latex/base/utf8.def)
Overfull \hbox (8.19904pt too wide) in paragraph at lines 522--527
[]\T1/ptm/m/n/10 Did you cre-ate ag-gre-gates of items like this \T1/pcr/m/n/10
 scale <- scale_1 + scale_2R + scale_3R\T1/ptm/m/n/10 ?
(/usr/share/texlive/texmf-dist/tex/latex/base/utf8.def) [10]
Overfull \hbox (42.18039pt too wide) in paragraph at lines 576--576
 []\T1/pcr/m/n/9 survey <- data.frame(ended = c("2016-05-28 10:11:00", NA, "201
6-05-30 11:18:28"))[] 
(/usr/share/texlive/texmf-dist/tex/latex/base/utf8.def)
(/usr/share/texlive/texmf-dist/tex/latex/base/utf8.def) [11]
(/usr/share/texlive/texmf-dist/tex/latex/base/utf8.def)
(/usr/share/texlive/texmf-dist/tex/latex/base/utf8.def) [12]
(/usr/share/texlive/texmf-dist/tex/latex/base/utf8.def)
(/usr/share/texlive/texmf-dist/tex/latex/base/utf8.def) [13]
(/usr/share/texlive/texmf-dist/tex/latex/base/utf8.def)
(/usr/share/texlive/texmf-dist/tex/latex/base/utf8.def) [14]
(/usr/share/texlive/texmf-dist/tex/latex/base/utf8.def)
(/usr/share/texlive/texmf-dist/tex/latex/base/utf8.def) [15]
Overfull \hbox (6.78088pt too wide) in paragraph at lines 837--837
 []\T1/pcr/m/n/10 load_data_and_render_codebook(file, text, remove_file = FALSE
, ...)[] 
(/usr/share/texlive/texmf-dist/tex/latex/base/utf8.def)
(/usr/share/texlive/texmf-dist/tex/latex/base/utf8.def) [16]
(/usr/share/texlive/texmf-dist/tex/latex/base/utf8.def)
(/usr/share/texlive/texmf-dist/tex/latex/base/utf8.def) [17]
(/usr/share/texlive/texmf-dist/tex/latex/base/utf8.def)
(/usr/share/texlive/texmf-dist/tex/latex/base/utf8.def) [18]
(/usr/share/texlive/texmf-dist/tex/latex/base/utf8.def)
(/usr/share/texlive/texmf-dist/tex/latex/base/utf8.def) [19]
(/usr/share/texlive/texmf-dist/tex/latex/base/utf8.def)
(/usr/share/texlive/texmf-dist/tex/latex/base/utf8.def) [20]
(/usr/share/texlive/texmf-dist/tex/latex/base/utf8.def)
(/usr/share/texlive/texmf-dist/tex/latex/base/utf8.def) [21]
(/usr/share/texlive/texmf-dist/tex/latex/base/utf8.def)
(/usr/share/texlive/texmf-dist/tex/latex/base/utf8.def) [22]
No file Rd2.ind.
[23] (./Rd2.aux)

Package rerunfilecheck Warning: File `Rd2.out' has changed.
(rerunfilecheck)                Rerun to get outlines right
(rerunfilecheck)                or use package `bookmark'.

 )
(see the transcript file for additional information)pdfTeX warning (dest): name
{Rfn.haven::zap.Rul.labels\(\)} has been referenced but does not exist, replace
d by a fixed one

pdfTeX warning (dest): name{Rfn.haven::labelled\(\)} has been referenced but do
es not exist, replaced by a fixed one

pdfTeX warning (dest): name{Rfn.labelled::copy.Rul.labels\(\)} has been referen
ced but does not exist, replaced by a fixed one

pdfTeX warning (dest): name{Rfn.base::paste\(\)} has been referenced but does n
ot exist, replaced by a fixed one

pdfTeX warning (dest): name{Rfn.mice::md.pattern\(\)} has been referenced but d
oes not exist, replaced by a fixed one

pdfTeX warning (dest): name{Rfn.rmarkdown::render\(\)} has been referenced but 
does not exist, replaced by a fixed one

pdfTeX warning (dest): name{Rfn.likert::likert\(\)} has been referenced but doe
s not exist, replaced by a fixed one

pdfTeX warning (dest): name{Rfn.psych::multilevel.reliability\(\)} has been ref
erenced but does not exist, replaced by a fixed one

pdfTeX warning (dest): name{Rfn.stats::cor.test\(\)} has been referenced but do
es not exist, replaced by a fixed one

pdfTeX warning (dest): name{Rfn.psych::alpha\(\)} has been referenced but does 
not exist, replaced by a fixed one

pdfTeX warning (dest): name{Rfn.future::plan\(\)} has been referenced but does 
not exist, replaced by a fixed one

pdfTeX warning (dest): name{Rfn.future::future\(\)} has been referenced but doe
s not exist, replaced by a fixed one

pdfTeX warning (dest): name{Rfn.skimr::skim.Rul.to.Rul.wide\(\)} has been refer
enced but does not exist, replaced by a fixed one

pdfTeX warning (dest): name{Rfn.DT::datatable\(\)} has been referenced but does
 not exist, replaced by a fixed one

pdfTeX warning (dest): name{Rfn.haven::read.Rul.sav\(\)} has been referenced bu
t does not exist, replaced by a fixed one

pdfTeX warning (dest): name{Rfn.haven::read.Rul.dta\(\)} has been referenced bu
t does not exist, replaced by a fixed one

pdfTeX warning (dest): name{Rfn.cat} has been referenced but does not exist, re
placed by a fixed one

pdfTeX warning (dest): name{Rfn.knitr::knit.Rul.child\(\)} has been referenced 
but does not exist, replaced by a fixed one

{/usr/share/texlive/texmf-dist/fonts/enc/dvips/base/8r.enc}</usr/share/texlive/
texmf-dist/fonts/type1/urw/courier/ucrr8a.pfb></usr/share/texlive/texmf-dist/fo
nts/type1/urw/helvetic/uhvr8a.pfb></usr/share/texlive/texmf-dist/fonts/type1/ur
w/times/utmb8a.pfb></usr/share/texlive/texmf-dist/fonts/type1/urw/times/utmr8a.
pfb></usr/share/texlive/texmf-dist/fonts/type1/urw/times/utmr8a.pfb></usr/share
/texlive/texmf-dist/fonts/type1/urw/times/utmri8a.pfb>
Output written on Rd2.pdf (23 pages, 116057 bytes).
Transcript written on Rd2.log.
This is makeindex, version 2.15 [TeX Live 2013] (kpathsea + Thai support).
Scanning input file Rd2.idx....done (77 entries accepted, 0 rejected).
Sorting entries....done (503 comparisons).
Generating output file Rd2.ind....done (117 lines written, 0 warnings).
Output written in Rd2.ind.
Transcript written in Rd2.ilg.
This is pdfTeX, Version 3.1415926-2.5-1.40.14 (TeX Live 2013)
 restricted \write18 enabled.
entering extended mode
LaTeX2e <2011/06/27>
Babel <v3.8m> and hyphenation patterns for english, dumylang, nohyphenation, lo
aded.
(./Rd2.tex
(/usr/share/texlive/texmf-dist/tex/latex/base/book.cls
Document Class: book 2007/10/19 v1.4h Standard LaTeX document class
(/usr/share/texlive/texmf-dist/tex/latex/base/bk10.clo))
(/opt/R/3.5.1/lib64/R/share/texmf/tex/latex/Rd.sty
(/usr/share/texlive/texmf-dist/tex/latex/base/ifthen.sty)
(/usr/share/texlive/texmf-dist/tex/latex/tools/longtable.sty)
(/usr/share/texlive/texmf-dist/tex/latex/tools/bm.sty)
(/usr/share/texlive/texmf-dist/tex/latex/base/alltt.sty)
(/usr/share/texlive/texmf-dist/tex/latex/tools/verbatim.sty)
(/usr/share/texlive/texmf-dist/tex/latex/url/url.sty)
(/usr/share/texlive/texmf-dist/tex/latex/base/textcomp.sty
(/usr/share/texlive/texmf-dist/tex/latex/base/ts1enc.def))
(/usr/share/texlive/texmf-dist/tex/latex/base/fontenc.sty
(/usr/share/texlive/texmf-dist/tex/latex/base/t1enc.def))
(/usr/share/texlive/texmf-dist/tex/latex/psnfss/times.sty)
(/usr/share/texlive/texmf-dist/tex/latex/graphics/color.sty
(/usr/share/texlive/texmf-dist/tex/latex/latexconfig/color.cfg)
(/usr/share/texlive/texmf-dist/tex/latex/pdftex-def/pdftex.def
(/usr/share/texlive/texmf-dist/tex/generic/oberdiek/infwarerr.sty)
(/usr/share/texlive/texmf-dist/tex/generic/oberdiek/ltxcmds.sty)))
(/usr/share/texlive/texmf-dist/tex/latex/hyperref/hyperref.sty
(/usr/share/texlive/texmf-dist/tex/generic/oberdiek/hobsub-hyperref.sty
(/usr/share/texlive/texmf-dist/tex/generic/oberdiek/hobsub-generic.sty))
(/usr/share/texlive/texmf-dist/tex/latex/graphics/keyval.sty)
(/usr/share/texlive/texmf-dist/tex/generic/ifxetex/ifxetex.sty)
(/usr/share/texlive/texmf-dist/tex/latex/oberdiek/auxhook.sty)
(/usr/share/texlive/texmf-dist/tex/latex/oberdiek/kvoptions.sty)
(/usr/share/texlive/texmf-dist/tex/latex/hyperref/pd1enc.def)
(/usr/share/texlive/texmf-dist/tex/latex/latexconfig/hyperref.cfg))

Package hyperref Message: Driver (autodetected): hpdftex.

(/usr/share/texlive/texmf-dist/tex/latex/hyperref/hpdftex.def
(/usr/share/texlive/texmf-dist/tex/latex/oberdiek/rerunfilecheck.sty))

Package hyperref Warning: Option `hyperindex' has already been used,
(hyperref)                setting the option has no effect on input line 366.


Package hyperref Warning: Option `pagebackref' has already been used,
(hyperref)                setting the option has no effect on input line 366.

) (/usr/share/texlive/texmf-dist/tex/latex/base/makeidx.sty)
(/usr/share/texlive/texmf-dist/tex/latex/base/inputenc.sty
(/usr/share/texlive/texmf-dist/tex/latex/base/utf8.def
(/usr/share/texlive/texmf-dist/tex/latex/base/t1enc.dfu)
(/usr/share/texlive/texmf-dist/tex/latex/base/ot1enc.dfu)
(/usr/share/texlive/texmf-dist/tex/latex/base/omsenc.dfu)
(/usr/share/texlive/texmf-dist/tex/latex/base/ts1enc.dfu)))
Writing index file Rd2.idx
(./Rd2.aux) (/usr/share/texlive/texmf-dist/tex/latex/base/ts1cmr.fd)
(/usr/share/texlive/texmf-dist/tex/latex/psnfss/t1ptm.fd)
(/usr/share/texlive/texmf-dist/tex/context/base/supp-pdf.mkii
[Loading MPS to PDF converter (version 2006.09.02).]
) (/usr/share/texlive/texmf-dist/tex/latex/hyperref/nameref.sty
(/usr/share/texlive/texmf-dist/tex/generic/oberdiek/gettitlestring.sty))
(./Rd2.out) (./Rd2.out) (/usr/share/texlive/texmf-dist/tex/latex/base/utf8.def)
(/usr/share/texlive/texmf-dist/tex/latex/psnfss/ts1ptm.fd)
(/usr/share/texlive/texmf-dist/tex/latex/psnfss/t1pcr.fd)
(/usr/share/texlive/texmf-dist/tex/latex/psnfss/t1phv.fd) (./Rd2.toc [1{/usr/sh
are/texlive/texmf/fonts/map/pdftex/updmap/pdftex.map}])
(/usr/share/texlive/texmf-dist/tex/latex/base/utf8.def) [2]
(/usr/share/texlive/texmf-dist/tex/latex/psnfss/ts1pcr.fd)
(/usr/share/texlive/texmf-dist/tex/latex/base/utf8.def) [3]
Overfull \hbox (25.98041pt too wide) in paragraph at lines 139--139
 []\T1/pcr/m/n/9 # an example of a wrapper function that calls asis_knit_child 
with an argument[] 

Overfull \hbox (106.98032pt too wide) in paragraph at lines 140--140
 []\T1/pcr/m/n/9 # ensures distinct paths for cache and figures, so that these 
calls can be looped in parallel[] 

Overfull \hbox (9.78043pt too wide) in paragraph at lines 145--145
 []       \T1/pcr/m/n/9 cache.path = paste0(knitr::opts_chunk$get("cache.path")
, hash, "-"))[] 
(/usr/share/texlive/texmf-dist/tex/latex/base/utf8.def)
Overfull \hbox (0.37573pt too wide) in paragraph at lines 157--159
[]\T1/ptm/m/n/10 a small mock BFI dataset with re-al-is-tic val-ues, ex-ported 
from formr. The dataset is self-documenting
(/usr/share/texlive/texmf-dist/tex/latex/base/utf8.def) [4]
Overfull \hbox (18.78088pt too wide) in paragraph at lines 186--186
 []\T1/pcr/m/n/10 codebook(results, reliabilities = NULL, survey_repetition = c
("auto",[] 

Overfull \hbox (24.78088pt too wide) in paragraph at lines 187--187
 []  \T1/pcr/m/n/10 "single", "repeated_once", "repeated_many"), survey_overvie
w = TRUE,[] 

Overfull \hbox (5.67725pt too wide) in paragraph at lines 197--198
\T1/ptm/m/n/10 pu-ta-tions for this scale. if NULL, com-puted on-the-fly us-ing
 com-pute_reliabilities 
(/usr/share/texlive/texmf-dist/tex/latex/base/utf8.def) [5]
(/usr/share/texlive/texmf-dist/tex/latex/base/utf8.def) [6]
(/usr/share/texlive/texmf-dist/tex/latex/base/utf8.def)
(/usr/share/texlive/texmf-dist/tex/latex/base/utf8.def) [7]
Overfull \hbox (4.38043pt too wide) in paragraph at lines 354--354
 []\T1/pcr/m/n/9 # doesn\TS1/pcr/m/n/9 '\T1/pcr/m/n/9 t show interactively, bec
ause a html widget needs to be registered[] 
(/usr/share/texlive/texmf-dist/tex/latex/base/utf8.def)
(/usr/share/texlive/texmf-dist/tex/latex/base/utf8.def) [8]
Overfull \hbox (5.90761pt too wide) in paragraph at lines 406--407
[]\T1/ptm/m/n/10 defaults to sin-gle (other val-ues: re-peated_once, re-peated_
many). con-trols whether
(/usr/share/texlive/texmf-dist/tex/latex/base/utf8.def)
(/usr/share/texlive/texmf-dist/tex/latex/base/utf8.def) [9]
(/usr/share/texlive/texmf-dist/tex/latex/base/utf8.def)
Overfull \hbox (0.78088pt too wide) in paragraph at lines 491--491
 []  \T1/pcr/m/n/10 negative_values_are_missing = TRUE, ninety_nine_problems = 
TRUE,[] 
(/usr/share/texlive/texmf-dist/tex/latex/base/utf8.def) [10]
Overfull \hbox (8.19904pt too wide) in paragraph at lines 522--527
[]\T1/ptm/m/n/10 Did you cre-ate ag-gre-gates of items like this \T1/pcr/m/n/10
 scale <- scale_1 + scale_2R + scale_3R\T1/ptm/m/n/10 ?
(/usr/share/texlive/texmf-dist/tex/latex/base/utf8.def)
Overfull \hbox (42.18039pt too wide) in paragraph at lines 576--576
 []\T1/pcr/m/n/9 survey <- data.frame(ended = c("2016-05-28 10:11:00", NA, "201
6-05-30 11:18:28"))[] 
(/usr/share/texlive/texmf-dist/tex/latex/base/utf8.def) [11]
(/usr/share/texlive/texmf-dist/tex/latex/base/utf8.def)
(/usr/share/texlive/texmf-dist/tex/latex/base/utf8.def) [12]
(/usr/share/texlive/texmf-dist/tex/latex/base/utf8.def)
(/usr/share/texlive/texmf-dist/tex/latex/base/utf8.def) [13]
(/usr/share/texlive/texmf-dist/tex/latex/base/utf8.def)
(/usr/share/texlive/texmf-dist/tex/latex/base/utf8.def) [14]
(/usr/share/texlive/texmf-dist/tex/latex/base/utf8.def)
(/usr/share/texlive/texmf-dist/tex/latex/base/utf8.def) [15]
(/usr/share/texlive/texmf-dist/tex/latex/base/utf8.def)
Overfull \hbox (6.78088pt too wide) in paragraph at lines 837--837
 []\T1/pcr/m/n/10 load_data_and_render_codebook(file, text, remove_file = FALSE
, ...)[] 
(/usr/share/texlive/texmf-dist/tex/latex/base/utf8.def) [16]
(/usr/share/texlive/texmf-dist/tex/latex/base/utf8.def)
(/usr/share/texlive/texmf-dist/tex/latex/base/utf8.def) [17]
(/usr/share/texlive/texmf-dist/tex/latex/base/utf8.def)
(/usr/share/texlive/texmf-dist/tex/latex/base/utf8.def) [18]
(/usr/share/texlive/texmf-dist/tex/latex/base/utf8.def)
(/usr/share/texlive/texmf-dist/tex/latex/base/utf8.def) [19]
(/usr/share/texlive/texmf-dist/tex/latex/base/utf8.def)
(/usr/share/texlive/texmf-dist/tex/latex/base/utf8.def) [20]
(/usr/share/texlive/texmf-dist/tex/latex/base/utf8.def)
(/usr/share/texlive/texmf-dist/tex/latex/base/utf8.def) [21]
(/usr/share/texlive/texmf-dist/tex/latex/base/utf8.def) [22]
(/usr/share/texlive/texmf-dist/tex/latex/base/utf8.def)
(/usr/share/texlive/texmf-dist/tex/latex/base/utf8.def) (./Rd2.ind [23]
[24]) (./Rd2.aux)

Package rerunfilecheck Warning: File `Rd2.out' has changed.
(rerunfilecheck)                Rerun to get outlines right
(rerunfilecheck)                or use package `bookmark'.

 )
(see the transcript file for additional information)pdfTeX warning (dest): name
{Rfn.haven::zap.Rul.labels\(\)} has been referenced but does not exist, replace
d by a fixed one

pdfTeX warning (dest): name{Rfn.haven::labelled\(\)} has been referenced but do
es not exist, replaced by a fixed one

pdfTeX warning (dest): name{Rfn.labelled::copy.Rul.labels\(\)} has been referen
ced but does not exist, replaced by a fixed one

pdfTeX warning (dest): name{Rfn.base::paste\(\)} has been referenced but does n
ot exist, replaced by a fixed one

pdfTeX warning (dest): name{Rfn.mice::md.pattern\(\)} has been referenced but d
oes not exist, replaced by a fixed one

pdfTeX warning (dest): name{Rfn.rmarkdown::render\(\)} has been referenced but 
does not exist, replaced by a fixed one

pdfTeX warning (dest): name{Rfn.likert::likert\(\)} has been referenced but doe
s not exist, replaced by a fixed one

pdfTeX warning (dest): name{Rfn.psych::multilevel.reliability\(\)} has been ref
erenced but does not exist, replaced by a fixed one

pdfTeX warning (dest): name{Rfn.stats::cor.test\(\)} has been referenced but do
es not exist, replaced by a fixed one

pdfTeX warning (dest): name{Rfn.psych::alpha\(\)} has been referenced but does 
not exist, replaced by a fixed one

pdfTeX warning (dest): name{Rfn.future::plan\(\)} has been referenced but does 
not exist, replaced by a fixed one

pdfTeX warning (dest): name{Rfn.future::future\(\)} has been referenced but doe
s not exist, replaced by a fixed one

pdfTeX warning (dest): name{Rfn.skimr::skim.Rul.to.Rul.wide\(\)} has been refer
enced but does not exist, replaced by a fixed one

pdfTeX warning (dest): name{Rfn.DT::datatable\(\)} has been referenced but does
 not exist, replaced by a fixed one

pdfTeX warning (dest): name{Rfn.haven::read.Rul.sav\(\)} has been referenced bu
t does not exist, replaced by a fixed one

pdfTeX warning (dest): name{Rfn.haven::read.Rul.dta\(\)} has been referenced bu
t does not exist, replaced by a fixed one

pdfTeX warning (dest): name{Rfn.cat} has been referenced but does not exist, re
placed by a fixed one

pdfTeX warning (dest): name{Rfn.knitr::knit.Rul.child\(\)} has been referenced 
but does not exist, replaced by a fixed one

{/usr/share/texlive/texmf-dist/fonts/enc/dvips/base/8r.enc}</usr/share/texlive/
texmf-dist/fonts/type1/public/amsfonts/cm/cmsy10.pfb></usr/share/texlive/texmf-
dist/fonts/type1/urw/courier/ucrr8a.pfb></usr/share/texlive/texmf-dist/fonts/ty
pe1/urw/helvetic/uhvr8a.pfb></usr/share/texlive/texmf-dist/fonts/type1/urw/time
s/utmb8a.pfb></usr/share/texlive/texmf-dist/fonts/type1/urw/times/utmr8a.pfb></
usr/share/texlive/texmf-dist/fonts/type1/urw/times/utmr8a.pfb></usr/share/texli
ve/texmf-dist/fonts/type1/urw/times/utmri8a.pfb>
Output written on Rd2.pdf (24 pages, 132638 bytes).
Transcript written on Rd2.log.
This is makeindex, version 2.15 [TeX Live 2013] (kpathsea + Thai support).
Scanning input file Rd2.idx....done (77 entries accepted, 0 rejected).
Sorting entries....done (492 comparisons).
Generating output file Rd2.ind....done (115 lines written, 0 warnings).
Output written in Rd2.ind.
Transcript written in Rd2.ilg.
This is pdfTeX, Version 3.1415926-2.5-1.40.14 (TeX Live 2013)
 restricted \write18 enabled.
entering extended mode
LaTeX2e <2011/06/27>
Babel <v3.8m> and hyphenation patterns for english, dumylang, nohyphenation, lo
aded.
(./Rd2.tex
(/usr/share/texlive/texmf-dist/tex/latex/base/book.cls
Document Class: book 2007/10/19 v1.4h Standard LaTeX document class
(/usr/share/texlive/texmf-dist/tex/latex/base/bk10.clo))
(/opt/R/3.5.1/lib64/R/share/texmf/tex/latex/Rd.sty
(/usr/share/texlive/texmf-dist/tex/latex/base/ifthen.sty)
(/usr/share/texlive/texmf-dist/tex/latex/tools/longtable.sty)
(/usr/share/texlive/texmf-dist/tex/latex/tools/bm.sty)
(/usr/share/texlive/texmf-dist/tex/latex/base/alltt.sty)
(/usr/share/texlive/texmf-dist/tex/latex/tools/verbatim.sty)
(/usr/share/texlive/texmf-dist/tex/latex/url/url.sty)
(/usr/share/texlive/texmf-dist/tex/latex/base/textcomp.sty
(/usr/share/texlive/texmf-dist/tex/latex/base/ts1enc.def))
(/usr/share/texlive/texmf-dist/tex/latex/base/fontenc.sty
(/usr/share/texlive/texmf-dist/tex/latex/base/t1enc.def))
(/usr/share/texlive/texmf-dist/tex/latex/psnfss/times.sty)
(/usr/share/texlive/texmf-dist/tex/latex/graphics/color.sty
(/usr/share/texlive/texmf-dist/tex/latex/latexconfig/color.cfg)
(/usr/share/texlive/texmf-dist/tex/latex/pdftex-def/pdftex.def
(/usr/share/texlive/texmf-dist/tex/generic/oberdiek/infwarerr.sty)
(/usr/share/texlive/texmf-dist/tex/generic/oberdiek/ltxcmds.sty)))
(/usr/share/texlive/texmf-dist/tex/latex/hyperref/hyperref.sty
(/usr/share/texlive/texmf-dist/tex/generic/oberdiek/hobsub-hyperref.sty
(/usr/share/texlive/texmf-dist/tex/generic/oberdiek/hobsub-generic.sty))
(/usr/share/texlive/texmf-dist/tex/latex/graphics/keyval.sty)
(/usr/share/texlive/texmf-dist/tex/generic/ifxetex/ifxetex.sty)
(/usr/share/texlive/texmf-dist/tex/latex/oberdiek/auxhook.sty)
(/usr/share/texlive/texmf-dist/tex/latex/oberdiek/kvoptions.sty)
(/usr/share/texlive/texmf-dist/tex/latex/hyperref/pd1enc.def)
(/usr/share/texlive/texmf-dist/tex/latex/latexconfig/hyperref.cfg))

Package hyperref Message: Driver (autodetected): hpdftex.

(/usr/share/texlive/texmf-dist/tex/latex/hyperref/hpdftex.def
(/usr/share/texlive/texmf-dist/tex/latex/oberdiek/rerunfilecheck.sty))

Package hyperref Warning: Option `hyperindex' has already been used,
(hyperref)                setting the option has no effect on input line 366.


Package hyperref Warning: Option `pagebackref' has already been used,
(hyperref)                setting the option has no effect on input line 366.

) (/usr/share/texlive/texmf-dist/tex/latex/base/makeidx.sty)
(/usr/share/texlive/texmf-dist/tex/latex/base/inputenc.sty
(/usr/share/texlive/texmf-dist/tex/latex/base/utf8.def
(/usr/share/texlive/texmf-dist/tex/latex/base/t1enc.dfu)
(/usr/share/texlive/texmf-dist/tex/latex/base/ot1enc.dfu)
(/usr/share/texlive/texmf-dist/tex/latex/base/omsenc.dfu)
(/usr/share/texlive/texmf-dist/tex/latex/base/ts1enc.dfu)))
Writing index file Rd2.idx
(./Rd2.aux) (/usr/share/texlive/texmf-dist/tex/latex/base/ts1cmr.fd)
(/usr/share/texlive/texmf-dist/tex/latex/psnfss/t1ptm.fd)
(/usr/share/texlive/texmf-dist/tex/context/base/supp-pdf.mkii
[Loading MPS to PDF converter (version 2006.09.02).]
) (/usr/share/texlive/texmf-dist/tex/latex/hyperref/nameref.sty
(/usr/share/texlive/texmf-dist/tex/generic/oberdiek/gettitlestring.sty))
(./Rd2.out) (./Rd2.out) (/usr/share/texlive/texmf-dist/tex/latex/base/utf8.def)
(/usr/share/texlive/texmf-dist/tex/latex/psnfss/ts1ptm.fd)
(/usr/share/texlive/texmf-dist/tex/latex/psnfss/t1pcr.fd)
(/usr/share/texlive/texmf-dist/tex/latex/psnfss/t1phv.fd) (./Rd2.toc [1{/usr/sh
are/texlive/texmf/fonts/map/pdftex/updmap/pdftex.map}])
(/usr/share/texlive/texmf-dist/tex/latex/base/utf8.def) [2]
(/usr/share/texlive/texmf-dist/tex/latex/psnfss/ts1pcr.fd)
(/usr/share/texlive/texmf-dist/tex/latex/base/utf8.def) [3]
Overfull \hbox (25.98041pt too wide) in paragraph at lines 139--139
 []\T1/pcr/m/n/9 # an example of a wrapper function that calls asis_knit_child 
with an argument[] 

Overfull \hbox (106.98032pt too wide) in paragraph at lines 140--140
 []\T1/pcr/m/n/9 # ensures distinct paths for cache and figures, so that these 
calls can be looped in parallel[] 

Overfull \hbox (9.78043pt too wide) in paragraph at lines 145--145
 []       \T1/pcr/m/n/9 cache.path = paste0(knitr::opts_chunk$get("cache.path")
, hash, "-"))[] 
(/usr/share/texlive/texmf-dist/tex/latex/base/utf8.def)
Overfull \hbox (0.37573pt too wide) in paragraph at lines 157--159
[]\T1/ptm/m/n/10 a small mock BFI dataset with re-al-is-tic val-ues, ex-ported 
from formr. The dataset is self-documenting
(/usr/share/texlive/texmf-dist/tex/latex/base/utf8.def) [4]
Overfull \hbox (18.78088pt too wide) in paragraph at lines 186--186
 []\T1/pcr/m/n/10 codebook(results, reliabilities = NULL, survey_repetition = c
("auto",[] 

Overfull \hbox (24.78088pt too wide) in paragraph at lines 187--187
 []  \T1/pcr/m/n/10 "single", "repeated_once", "repeated_many"), survey_overvie
w = TRUE,[] 

Overfull \hbox (5.67725pt too wide) in paragraph at lines 197--198
\T1/ptm/m/n/10 pu-ta-tions for this scale. if NULL, com-puted on-the-fly us-ing
 com-pute_reliabilities 
(/usr/share/texlive/texmf-dist/tex/latex/base/utf8.def) [5]
(/usr/share/texlive/texmf-dist/tex/latex/base/utf8.def) [6]
(/usr/share/texlive/texmf-dist/tex/latex/base/utf8.def)
(/usr/share/texlive/texmf-dist/tex/latex/base/utf8.def) [7]
Overfull \hbox (4.38043pt too wide) in paragraph at lines 354--354
 []\T1/pcr/m/n/9 # doesn\TS1/pcr/m/n/9 '\T1/pcr/m/n/9 t show interactively, bec
ause a html widget needs to be registered[] 
(/usr/share/texlive/texmf-dist/tex/latex/base/utf8.def)
(/usr/share/texlive/texmf-dist/tex/latex/base/utf8.def) [8]
Overfull \hbox (5.90761pt too wide) in paragraph at lines 406--407
[]\T1/ptm/m/n/10 defaults to sin-gle (other val-ues: re-peated_once, re-peated_
many). con-trols whether
(/usr/share/texlive/texmf-dist/tex/latex/base/utf8.def)
(/usr/share/texlive/texmf-dist/tex/latex/base/utf8.def) [9]
(/usr/share/texlive/texmf-dist/tex/latex/base/utf8.def)
Overfull \hbox (0.78088pt too wide) in paragraph at lines 491--491
 []  \T1/pcr/m/n/10 negative_values_are_missing = TRUE, ninety_nine_problems = 
TRUE,[] 
(/usr/share/texlive/texmf-dist/tex/latex/base/utf8.def) [10]
Overfull \hbox (8.19904pt too wide) in paragraph at lines 522--527
[]\T1/ptm/m/n/10 Did you cre-ate ag-gre-gates of items like this \T1/pcr/m/n/10
 scale <- scale_1 + scale_2R + scale_3R\T1/ptm/m/n/10 ?
(/usr/share/texlive/texmf-dist/tex/latex/base/utf8.def)
Overfull \hbox (42.18039pt too wide) in paragraph at lines 576--576
 []\T1/pcr/m/n/9 survey <- data.frame(ended = c("2016-05-28 10:11:00", NA, "201
6-05-30 11:18:28"))[] 
(/usr/share/texlive/texmf-dist/tex/latex/base/utf8.def) [11]
(/usr/share/texlive/texmf-dist/tex/latex/base/utf8.def)
(/usr/share/texlive/texmf-dist/tex/latex/base/utf8.def) [12]
(/usr/share/texlive/texmf-dist/tex/latex/base/utf8.def)
(/usr/share/texlive/texmf-dist/tex/latex/base/utf8.def) [13]
(/usr/share/texlive/texmf-dist/tex/latex/base/utf8.def)
(/usr/share/texlive/texmf-dist/tex/latex/base/utf8.def) [14]
(/usr/share/texlive/texmf-dist/tex/latex/base/utf8.def)
(/usr/share/texlive/texmf-dist/tex/latex/base/utf8.def) [15]
(/usr/share/texlive/texmf-dist/tex/latex/base/utf8.def)
Overfull \hbox (6.78088pt too wide) in paragraph at lines 837--837
 []\T1/pcr/m/n/10 load_data_and_render_codebook(file, text, remove_file = FALSE
, ...)[] 
(/usr/share/texlive/texmf-dist/tex/latex/base/utf8.def) [16]
(/usr/share/texlive/texmf-dist/tex/latex/base/utf8.def)
(/usr/share/texlive/texmf-dist/tex/latex/base/utf8.def) [17]
(/usr/share/texlive/texmf-dist/tex/latex/base/utf8.def)
(/usr/share/texlive/texmf-dist/tex/latex/base/utf8.def) [18]
(/usr/share/texlive/texmf-dist/tex/latex/base/utf8.def)
(/usr/share/texlive/texmf-dist/tex/latex/base/utf8.def) [19]
(/usr/share/texlive/texmf-dist/tex/latex/base/utf8.def)
(/usr/share/texlive/texmf-dist/tex/latex/base/utf8.def) [20]
(/usr/share/texlive/texmf-dist/tex/latex/base/utf8.def)
(/usr/share/texlive/texmf-dist/tex/latex/base/utf8.def) [21]
(/usr/share/texlive/texmf-dist/tex/latex/base/utf8.def) [22]
(/usr/share/texlive/texmf-dist/tex/latex/base/utf8.def)
(/usr/share/texlive/texmf-dist/tex/latex/base/utf8.def) (./Rd2.ind [23]
[24]) (./Rd2.aux) )
(see the transcript file for additional information)pdfTeX warning (dest): name
{Rfn.haven::zap.Rul.labels\(\)} has been referenced but does not exist, replace
d by a fixed one

pdfTeX warning (dest): name{Rfn.haven::labelled\(\)} has been referenced but do
es not exist, replaced by a fixed one

pdfTeX warning (dest): name{Rfn.labelled::copy.Rul.labels\(\)} has been referen
ced but does not exist, replaced by a fixed one

pdfTeX warning (dest): name{Rfn.base::paste\(\)} has been referenced but does n
ot exist, replaced by a fixed one

pdfTeX warning (dest): name{Rfn.mice::md.pattern\(\)} has been referenced but d
oes not exist, replaced by a fixed one

pdfTeX warning (dest): name{Rfn.rmarkdown::render\(\)} has been referenced but 
does not exist, replaced by a fixed one

pdfTeX warning (dest): name{Rfn.likert::likert\(\)} has been referenced but doe
s not exist, replaced by a fixed one

pdfTeX warning (dest): name{Rfn.psych::multilevel.reliability\(\)} has been ref
erenced but does not exist, replaced by a fixed one

pdfTeX warning (dest): name{Rfn.stats::cor.test\(\)} has been referenced but do
es not exist, replaced by a fixed one

pdfTeX warning (dest): name{Rfn.psych::alpha\(\)} has been referenced but does 
not exist, replaced by a fixed one

pdfTeX warning (dest): name{Rfn.future::plan\(\)} has been referenced but does 
not exist, replaced by a fixed one

pdfTeX warning (dest): name{Rfn.future::future\(\)} has been referenced but doe
s not exist, replaced by a fixed one

pdfTeX warning (dest): name{Rfn.skimr::skim.Rul.to.Rul.wide\(\)} has been refer
enced but does not exist, replaced by a fixed one

pdfTeX warning (dest): name{Rfn.DT::datatable\(\)} has been referenced but does
 not exist, replaced by a fixed one

pdfTeX warning (dest): name{Rfn.haven::read.Rul.sav\(\)} has been referenced bu
t does not exist, replaced by a fixed one

pdfTeX warning (dest): name{Rfn.haven::read.Rul.dta\(\)} has been referenced bu
t does not exist, replaced by a fixed one

pdfTeX warning (dest): name{Rfn.cat} has been referenced but does not exist, re
placed by a fixed one

pdfTeX warning (dest): name{Rfn.knitr::knit.Rul.child\(\)} has been referenced 
but does not exist, replaced by a fixed one

{/usr/share/texlive/texmf-dist/fonts/enc/dvips/base/8r.enc}</usr/share/texlive/
texmf-dist/fonts/type1/public/amsfonts/cm/cmsy10.pfb></usr/share/texlive/texmf-
dist/fonts/type1/urw/courier/ucrr8a.pfb></usr/share/texlive/texmf-dist/fonts/ty
pe1/urw/helvetic/uhvr8a.pfb></usr/share/texlive/texmf-dist/fonts/type1/urw/time
s/utmb8a.pfb></usr/share/texlive/texmf-dist/fonts/type1/urw/times/utmr8a.pfb></
usr/share/texlive/texmf-dist/fonts/type1/urw/times/utmr8a.pfb></usr/share/texli
ve/texmf-dist/fonts/type1/urw/times/utmri8a.pfb>
Output written on Rd2.pdf (24 pages, 133267 bytes).
Transcript written on Rd2.log.
Saving output to ‘codebook-manual.pdf’ ...
Done
You may want to clean up by 'rm -Rf /tmp/RtmpqMXDWh/Rd2pdf25ba22d04f7f7'
