* using log directory ‘/data/user/l/jlarmarange/zPublish/shiny/labelled/revdep/checks/codebook/new/codebook.Rcheck’
* using R version 3.5.1 (2018-07-02)
* using platform: x86_64-pc-linux-gnu (64-bit)
* using session charset: UTF-8
* checking for file ‘codebook/DESCRIPTION’ ... OK
* this is package ‘codebook’ version ‘0.6.3’
* package encoding: UTF-8
* checking package namespace information ... OK
* checking package dependencies ... OK
* checking if this is a source package ... OK
* checking if there is a namespace ... OK
* checking for executable files ... OK
* checking for hidden files and directories ... OK
* checking for portable file names ... OK
* checking for sufficient/correct file permissions ... OK
* checking whether package ‘codebook’ can be installed ... OK
* checking installed package size ... OK
* checking package directory ... OK
* checking ‘build’ directory ... OK
* checking DESCRIPTION meta-information ... OK
* checking top-level files ... OK
* checking for left-over files ... OK
* checking index information ... OK
* checking package subdirectories ... OK
* checking R files for non-ASCII characters ... OK
* checking R files for syntax errors ... OK
* checking whether the package can be loaded ... OK
* checking whether the package can be loaded with stated dependencies ... OK
* checking whether the package can be unloaded cleanly ... OK
* checking whether the namespace can be loaded with stated dependencies ... OK
* checking whether the namespace can be unloaded cleanly ... OK
* checking loading without being on the library search path ... OK
* checking dependencies in R code ... NOTE
Namespaces in Imports field not imported from:
  ‘graphics’ ‘pander’
  All declared Imports should be used.
* checking S3 generic/method consistency ... OK
* checking replacement functions ... OK
* checking foreign function calls ... OK
* checking R code for possible problems ... OK
* checking Rd files ... OK
* checking Rd metadata ... OK
* checking Rd cross-references ... OK
* checking for missing documentation entries ... OK
* checking for code/documentation mismatches ... OK
* checking Rd \usage sections ... OK
* checking Rd contents ... OK
* checking for unstated dependencies in examples ... OK
* checking contents of ‘data’ directory ... OK
* checking data for non-ASCII characters ... NOTE
  Note: found 65 marked UTF-8 strings
* checking data for ASCII and uncompressed saves ... OK
* checking installed files from ‘inst/doc’ ... OK
* checking files in ‘vignettes’ ... OK
* checking examples ... ERROR
Running examples in ‘codebook-Ex.R’ failed
The error most likely occurred in:

> ### Name: codebook_component_scale
> ### Title: Codebook component for scales
> ### Aliases: codebook_component_scale
> 
> ### ** Examples
> 
> # will generate figures in a temporary directory
> old_base_dir <- knitr::opts_knit$get("base.dir")
> knitr::opts_knit$set(base.dir = tempdir())
> on.exit(knitr::opts_knit$set(base.dir = old_base_dir))
> data("bfi")
> bfi <- bfi[,c("BFIK_open", paste0("BFIK_open_", 1:4))]
> codebook_component_scale(bfi[,1], "BFIK_open", bfi[,-1],
+    reliabilities = list(BFIK_open = psych::alpha(bfi[,-1])))
Error: C stack usage  7970144 is too close to the limit
Execution halted
* checking for unstated dependencies in vignettes ... OK
* checking package vignettes in ‘inst/doc’ ... OK
* checking running R code from vignettes ... NONE
* checking re-building of vignette outputs ... WARNING
Error in re-building vignettes:
  ...
Erreur : C stack usage  7970176 is too close to the limit
Exécution arrêtée

* checking PDF version of manual ... OK
* DONE
Status: 1 ERROR, 1 WARNING, 2 NOTEs
